2022-07-26 23:48:45.096  INFO 12100 --- [main] c.T.Chapter6.Chapter6ApplicationTests    : Starting Chapter6ApplicationTests using Java 17.0.3 on LAPTOP-40MBARLA with PID 12100 (started by ASUS in C:\Users\ASUS\Documents\BootcampJava\Chapter6\coding\Chapter6_Bioskop)
2022-07-26 23:48:45.100  INFO 12100 --- [main] c.T.Chapter6.Chapter6ApplicationTests    : No active profile set, falling back to 1 default profile: "default"
2022-07-26 23:48:46.478  INFO 12100 --- [main] .s.d.r.c.RepositoryConfigurationDelegate : Bootstrapping Spring Data JPA repositories in DEFAULT mode.
2022-07-26 23:48:46.618  INFO 12100 --- [main] .s.d.r.c.RepositoryConfigurationDelegate : Finished Spring Data repository scanning in 124 ms. Found 5 JPA repository interfaces.
2022-07-26 23:48:47.843  INFO 12100 --- [main] o.hibernate.jpa.internal.util.LogHelper  : HHH000204: Processing PersistenceUnitInfo [name: default]
2022-07-26 23:48:47.947  INFO 12100 --- [main] org.hibernate.Version                    : HHH000412: Hibernate ORM core version 5.6.9.Final
2022-07-26 23:48:48.336  INFO 12100 --- [main] o.hibernate.annotations.common.Version   : HCANN000001: Hibernate Commons Annotations {5.1.2.Final}
2022-07-26 23:48:48.653  INFO 12100 --- [main] com.zaxxer.hikari.HikariDataSource       : HikariPool-1 - Starting...
2022-07-26 23:48:48.985  INFO 12100 --- [main] com.zaxxer.hikari.HikariDataSource       : HikariPool-1 - Start completed.
2022-07-26 23:48:49.027  INFO 12100 --- [main] org.hibernate.dialect.Dialect            : HHH000400: Using dialect: org.hibernate.dialect.PostgreSQLDialect
2022-07-26 23:48:50.358  INFO 12100 --- [main] o.h.e.t.j.p.i.JtaPlatformInitiator       : HHH000490: Using JtaPlatform implementation: [org.hibernate.engine.transaction.jta.platform.internal.NoJtaPlatform]
2022-07-26 23:48:50.374  INFO 12100 --- [main] j.LocalContainerEntityManagerFactoryBean : Initialized JPA EntityManagerFactory for persistence unit 'default'
2022-07-26 23:48:51.969  WARN 12100 --- [main] JpaBaseConfiguration$JpaWebConfiguration : spring.jpa.open-in-view is enabled by default. Therefore, database queries may be performed during view rendering. Explicitly configure spring.jpa.open-in-view to disable this warning
2022-07-26 23:48:52.229  WARN 12100 --- [main] o.s.s.c.a.web.builders.WebSecurity       : You are asking Spring Security to ignore Ant [pattern='/v2/api-docs']. This is not recommended -- please use permitAll via HttpSecurity#authorizeHttpRequests instead.
2022-07-26 23:48:52.231  INFO 12100 --- [main] o.s.s.web.DefaultSecurityFilterChain     : Will not secure Ant [pattern='/v2/api-docs']
2022-07-26 23:48:52.232  WARN 12100 --- [main] o.s.s.c.a.web.builders.WebSecurity       : You are asking Spring Security to ignore Ant [pattern='/configuration/ui']. This is not recommended -- please use permitAll via HttpSecurity#authorizeHttpRequests instead.
2022-07-26 23:48:52.233  INFO 12100 --- [main] o.s.s.web.DefaultSecurityFilterChain     : Will not secure Ant [pattern='/configuration/ui']
2022-07-26 23:48:52.233  WARN 12100 --- [main] o.s.s.c.a.web.builders.WebSecurity       : You are asking Spring Security to ignore Ant [pattern='/swagger-resources/**']. This is not recommended -- please use permitAll via HttpSecurity#authorizeHttpRequests instead.
2022-07-26 23:48:52.233  INFO 12100 --- [main] o.s.s.web.DefaultSecurityFilterChain     : Will not secure Ant [pattern='/swagger-resources/**']
2022-07-26 23:48:52.233  WARN 12100 --- [main] o.s.s.c.a.web.builders.WebSecurity       : You are asking Spring Security to ignore Ant [pattern='/configuration/security']. This is not recommended -- please use permitAll via HttpSecurity#authorizeHttpRequests instead.
2022-07-26 23:48:52.235  INFO 12100 --- [main] o.s.s.web.DefaultSecurityFilterChain     : Will not secure Ant [pattern='/configuration/security']
2022-07-26 23:48:52.237  WARN 12100 --- [main] o.s.s.c.a.web.builders.WebSecurity       : You are asking Spring Security to ignore Ant [pattern='/swagger-ui.html']. This is not recommended -- please use permitAll via HttpSecurity#authorizeHttpRequests instead.
2022-07-26 23:48:52.247  INFO 12100 --- [main] o.s.s.web.DefaultSecurityFilterChain     : Will not secure Ant [pattern='/swagger-ui.html']
2022-07-26 23:48:52.248  WARN 12100 --- [main] o.s.s.c.a.web.builders.WebSecurity       : You are asking Spring Security to ignore Ant [pattern='/webjars/**']. This is not recommended -- please use permitAll via HttpSecurity#authorizeHttpRequests instead.
2022-07-26 23:48:52.249  INFO 12100 --- [main] o.s.s.web.DefaultSecurityFilterChain     : Will not secure Ant [pattern='/webjars/**']
2022-07-26 23:48:52.410  INFO 12100 --- [main] o.s.s.web.DefaultSecurityFilterChain     : Will secure any request with [org.springframework.security.web.session.DisableEncodeUrlFilter@62264d4f, org.springframework.security.web.context.request.async.WebAsyncManagerIntegrationFilter@2bc0603f, org.springframework.security.web.context.SecurityContextPersistenceFilter@39fc17be, org.springframework.security.web.header.HeaderWriterFilter@7164e28a, org.springframework.security.web.authentication.logout.LogoutFilter@31f5ffb9, com.TeamC.Chapter6.Model.Filter.CustomAuthorizationFilter@4ed19540, com.TeamC.Chapter6.Model.Filter.CustomAuthenticationFilter@533e8807, org.springframework.security.web.savedrequest.RequestCacheAwareFilter@5c43cb12, org.springframework.security.web.servletapi.SecurityContextHolderAwareRequestFilter@55d8f6bb, org.springframework.security.web.authentication.AnonymousAuthenticationFilter@322eb1a, org.springframework.security.web.session.SessionManagementFilter@7bc6b117, org.springframework.security.web.access.ExceptionTranslationFilter@7c50709a, org.springframework.security.web.access.intercept.FilterSecurityInterceptor@7a2fd94c]
2022-07-26 23:48:55.859  INFO 12100 --- [main] c.T.Chapter6.Chapter6ApplicationTests    : Started Chapter6ApplicationTests in 11.226 seconds (JVM running for 13.205)
2022-07-26 23:48:56.517  INFO 12100 --- [SpringApplicationShutdownHook] j.LocalContainerEntityManagerFactoryBean : Closing JPA EntityManagerFactory for persistence unit 'default'
2022-07-26 23:48:56.525  INFO 12100 --- [SpringApplicationShutdownHook] com.zaxxer.hikari.HikariDataSource       : HikariPool-1 - Shutdown initiated...
2022-07-26 23:48:56.552  INFO 12100 --- [SpringApplicationShutdownHook] com.zaxxer.hikari.HikariDataSource       : HikariPool-1 - Shutdown completed.
2022-07-26 23:49:13.701  INFO 5836 --- [restartedMain] com.TeamC.Chapter6.Chapter6Application   : Starting Chapter6Application using Java 17.0.3 on LAPTOP-40MBARLA with PID 5836 (C:\Users\ASUS\Documents\BootcampJava\Chapter6\coding\Chapter6_Bioskop\target\classes started by ASUS in C:\Users\ASUS\Documents\BootcampJava\Chapter6\coding\Chapter6_Bioskop)
2022-07-26 23:49:13.705  INFO 5836 --- [restartedMain] com.TeamC.Chapter6.Chapter6Application   : No active profile set, falling back to 1 default profile: "default"
2022-07-26 23:49:13.782  INFO 5836 --- [restartedMain] .e.DevToolsPropertyDefaultsPostProcessor : Devtools property defaults active! Set 'spring.devtools.add-properties' to 'false' to disable
2022-07-26 23:49:13.782  INFO 5836 --- [restartedMain] .e.DevToolsPropertyDefaultsPostProcessor : For additional web related logging consider setting the 'logging.level.web' property to 'DEBUG'
2022-07-26 23:49:15.081  INFO 5836 --- [restartedMain] .s.d.r.c.RepositoryConfigurationDelegate : Bootstrapping Spring Data JPA repositories in DEFAULT mode.
2022-07-26 23:49:15.203  INFO 5836 --- [restartedMain] .s.d.r.c.RepositoryConfigurationDelegate : Finished Spring Data repository scanning in 107 ms. Found 5 JPA repository interfaces.
2022-07-26 23:49:16.575  INFO 5836 --- [restartedMain] o.s.b.w.embedded.tomcat.TomcatWebServer  : Tomcat initialized with port(s): 8090 (http)
2022-07-26 23:49:16.594  INFO 5836 --- [restartedMain] o.apache.catalina.core.StandardService   : Starting service [Tomcat]
2022-07-26 23:49:16.595  INFO 5836 --- [restartedMain] org.apache.catalina.core.StandardEngine  : Starting Servlet engine: [Apache Tomcat/9.0.64]
2022-07-26 23:49:16.794  INFO 5836 --- [restartedMain] o.a.c.c.C.[Tomcat].[localhost].[/]       : Initializing Spring embedded WebApplicationContext
2022-07-26 23:49:16.795  INFO 5836 --- [restartedMain] w.s.c.ServletWebServerApplicationContext : Root WebApplicationContext: initialization completed in 3011 ms
2022-07-26 23:49:17.148  INFO 5836 --- [restartedMain] o.hibernate.jpa.internal.util.LogHelper  : HHH000204: Processing PersistenceUnitInfo [name: default]
2022-07-26 23:49:17.252  INFO 5836 --- [restartedMain] org.hibernate.Version                    : HHH000412: Hibernate ORM core version 5.6.9.Final
2022-07-26 23:49:17.524  INFO 5836 --- [restartedMain] o.hibernate.annotations.common.Version   : HCANN000001: Hibernate Commons Annotations {5.1.2.Final}
2022-07-26 23:49:17.685  INFO 5836 --- [restartedMain] com.zaxxer.hikari.HikariDataSource       : HikariPool-1 - Starting...
2022-07-26 23:49:17.863  INFO 5836 --- [restartedMain] com.zaxxer.hikari.HikariDataSource       : HikariPool-1 - Start completed.
2022-07-26 23:49:17.890  INFO 5836 --- [restartedMain] org.hibernate.dialect.Dialect            : HHH000400: Using dialect: org.hibernate.dialect.PostgreSQLDialect
2022-07-26 23:49:18.795  INFO 5836 --- [restartedMain] o.h.e.t.j.p.i.JtaPlatformInitiator       : HHH000490: Using JtaPlatform implementation: [org.hibernate.engine.transaction.jta.platform.internal.NoJtaPlatform]
2022-07-26 23:49:18.813  INFO 5836 --- [restartedMain] j.LocalContainerEntityManagerFactoryBean : Initialized JPA EntityManagerFactory for persistence unit 'default'
2022-07-26 23:49:20.391  WARN 5836 --- [restartedMain] JpaBaseConfiguration$JpaWebConfiguration : spring.jpa.open-in-view is enabled by default. Therefore, database queries may be performed during view rendering. Explicitly configure spring.jpa.open-in-view to disable this warning
2022-07-26 23:49:20.653  WARN 5836 --- [restartedMain] o.s.s.c.a.web.builders.WebSecurity       : You are asking Spring Security to ignore Ant [pattern='/v2/api-docs']. This is not recommended -- please use permitAll via HttpSecurity#authorizeHttpRequests instead.
2022-07-26 23:49:20.655  INFO 5836 --- [restartedMain] o.s.s.web.DefaultSecurityFilterChain     : Will not secure Ant [pattern='/v2/api-docs']
2022-07-26 23:49:20.657  WARN 5836 --- [restartedMain] o.s.s.c.a.web.builders.WebSecurity       : You are asking Spring Security to ignore Ant [pattern='/configuration/ui']. This is not recommended -- please use permitAll via HttpSecurity#authorizeHttpRequests instead.
2022-07-26 23:49:20.658  INFO 5836 --- [restartedMain] o.s.s.web.DefaultSecurityFilterChain     : Will not secure Ant [pattern='/configuration/ui']
2022-07-26 23:49:20.658  WARN 5836 --- [restartedMain] o.s.s.c.a.web.builders.WebSecurity       : You are asking Spring Security to ignore Ant [pattern='/swagger-resources/**']. This is not recommended -- please use permitAll via HttpSecurity#authorizeHttpRequests instead.
2022-07-26 23:49:20.659  INFO 5836 --- [restartedMain] o.s.s.web.DefaultSecurityFilterChain     : Will not secure Ant [pattern='/swagger-resources/**']
2022-07-26 23:49:20.659  WARN 5836 --- [restartedMain] o.s.s.c.a.web.builders.WebSecurity       : You are asking Spring Security to ignore Ant [pattern='/configuration/security']. This is not recommended -- please use permitAll via HttpSecurity#authorizeHttpRequests instead.
2022-07-26 23:49:20.659  INFO 5836 --- [restartedMain] o.s.s.web.DefaultSecurityFilterChain     : Will not secure Ant [pattern='/configuration/security']
2022-07-26 23:49:20.660  WARN 5836 --- [restartedMain] o.s.s.c.a.web.builders.WebSecurity       : You are asking Spring Security to ignore Ant [pattern='/swagger-ui.html']. This is not recommended -- please use permitAll via HttpSecurity#authorizeHttpRequests instead.
2022-07-26 23:49:20.661  INFO 5836 --- [restartedMain] o.s.s.web.DefaultSecurityFilterChain     : Will not secure Ant [pattern='/swagger-ui.html']
2022-07-26 23:49:20.661  WARN 5836 --- [restartedMain] o.s.s.c.a.web.builders.WebSecurity       : You are asking Spring Security to ignore Ant [pattern='/webjars/**']. This is not recommended -- please use permitAll via HttpSecurity#authorizeHttpRequests instead.
2022-07-26 23:49:20.662  INFO 5836 --- [restartedMain] o.s.s.web.DefaultSecurityFilterChain     : Will not secure Ant [pattern='/webjars/**']
2022-07-26 23:49:20.747  INFO 5836 --- [restartedMain] o.s.s.web.DefaultSecurityFilterChain     : Will secure any request with [org.springframework.security.web.session.DisableEncodeUrlFilter@618fe21a, org.springframework.security.web.context.request.async.WebAsyncManagerIntegrationFilter@5786e152, org.springframework.security.web.context.SecurityContextPersistenceFilter@38445a8c, org.springframework.security.web.header.HeaderWriterFilter@d1195e9, org.springframework.security.web.authentication.logout.LogoutFilter@d9d1634, com.TeamC.Chapter6.Model.Filter.CustomAuthorizationFilter@2a026f4b, com.TeamC.Chapter6.Model.Filter.CustomAuthenticationFilter@41676002, org.springframework.security.web.savedrequest.RequestCacheAwareFilter@6b55ad27, org.springframework.security.web.servletapi.SecurityContextHolderAwareRequestFilter@7026915f, org.springframework.security.web.authentication.AnonymousAuthenticationFilter@5fe6c506, org.springframework.security.web.session.SessionManagementFilter@7d63d622, org.springframework.security.web.access.ExceptionTranslationFilter@41e1f42e, org.springframework.security.web.access.intercept.FilterSecurityInterceptor@32a7883a]
2022-07-26 23:49:22.755  INFO 5836 --- [restartedMain] o.s.b.d.a.OptionalLiveReloadServer       : LiveReload server is running on port 35729
2022-07-26 23:49:22.836  INFO 5836 --- [restartedMain] o.s.b.w.embedded.tomcat.TomcatWebServer  : Tomcat started on port(s): 8090 (http) with context path ''
2022-07-26 23:49:22.855  INFO 5836 --- [restartedMain] com.TeamC.Chapter6.Chapter6Application   : Started Chapter6Application in 9.81 seconds (JVM running for 10.683)
2022-07-26 23:49:27.784  INFO 5836 --- [http-nio-8090-exec-1] o.a.c.c.C.[Tomcat].[localhost].[/]       : Initializing Spring DispatcherServlet 'dispatcherServlet'
2022-07-26 23:49:27.785  INFO 5836 --- [http-nio-8090-exec-1] o.s.web.servlet.DispatcherServlet        : Initializing Servlet 'dispatcherServlet'
2022-07-26 23:49:27.788  INFO 5836 --- [http-nio-8090-exec-1] o.s.web.servlet.DispatcherServlet        : Completed initialization in 2 ms
2022-07-26 23:49:28.222  WARN 5836 --- [http-nio-8090-exec-1] c.T.C.RestController.SeatsController     : SeatsResponseDTO{seat_id=5, number_seat=5, name_studio='A', available=true}
2022-07-26 23:49:28.223  INFO 5836 --- [http-nio-8090-exec-1] c.T.C.RestController.SeatsController     : ====================Logger End Get By Id ====================
2022-07-26 23:50:31.951  INFO 16972 --- [restartedMain] com.TeamC.Chapter6.Chapter6Application   : Starting Chapter6Application using Java 17.0.3 on LAPTOP-40MBARLA with PID 16972 (C:\Users\ASUS\Documents\BootcampJava\Chapter6\coding\Chapter6_Bioskop\target\classes started by ASUS in C:\Users\ASUS\Documents\BootcampJava\Chapter6\coding\Chapter6_Bioskop)
2022-07-26 23:50:31.953  INFO 16972 --- [restartedMain] com.TeamC.Chapter6.Chapter6Application   : No active profile set, falling back to 1 default profile: "default"
2022-07-26 23:50:32.020  INFO 16972 --- [restartedMain] .e.DevToolsPropertyDefaultsPostProcessor : Devtools property defaults active! Set 'spring.devtools.add-properties' to 'false' to disable
2022-07-26 23:50:32.020  INFO 16972 --- [restartedMain] .e.DevToolsPropertyDefaultsPostProcessor : For additional web related logging consider setting the 'logging.level.web' property to 'DEBUG'
2022-07-26 23:50:33.339  INFO 16972 --- [restartedMain] .s.d.r.c.RepositoryConfigurationDelegate : Bootstrapping Spring Data JPA repositories in DEFAULT mode.
2022-07-26 23:50:33.484  INFO 16972 --- [restartedMain] .s.d.r.c.RepositoryConfigurationDelegate : Finished Spring Data repository scanning in 129 ms. Found 5 JPA repository interfaces.
2022-07-26 23:50:34.801  INFO 16972 --- [restartedMain] o.s.b.w.embedded.tomcat.TomcatWebServer  : Tomcat initialized with port(s): 8090 (http)
2022-07-26 23:50:34.820  INFO 16972 --- [restartedMain] o.apache.catalina.core.StandardService   : Starting service [Tomcat]
2022-07-26 23:50:34.820  INFO 16972 --- [restartedMain] org.apache.catalina.core.StandardEngine  : Starting Servlet engine: [Apache Tomcat/9.0.64]
2022-07-26 23:50:34.955  INFO 16972 --- [restartedMain] o.a.c.c.C.[Tomcat].[localhost].[/]       : Initializing Spring embedded WebApplicationContext
2022-07-26 23:50:34.955  INFO 16972 --- [restartedMain] w.s.c.ServletWebServerApplicationContext : Root WebApplicationContext: initialization completed in 2934 ms
2022-07-26 23:50:35.310  INFO 16972 --- [restartedMain] o.hibernate.jpa.internal.util.LogHelper  : HHH000204: Processing PersistenceUnitInfo [name: default]
2022-07-26 23:50:35.385  INFO 16972 --- [restartedMain] org.hibernate.Version                    : HHH000412: Hibernate ORM core version 5.6.9.Final
2022-07-26 23:50:35.635  INFO 16972 --- [restartedMain] o.hibernate.annotations.common.Version   : HCANN000001: Hibernate Commons Annotations {5.1.2.Final}
2022-07-26 23:50:35.798  INFO 16972 --- [restartedMain] com.zaxxer.hikari.HikariDataSource       : HikariPool-1 - Starting...
2022-07-26 23:50:35.948  INFO 16972 --- [restartedMain] com.zaxxer.hikari.HikariDataSource       : HikariPool-1 - Start completed.
2022-07-26 23:50:35.971  INFO 16972 --- [restartedMain] org.hibernate.dialect.Dialect            : HHH000400: Using dialect: org.hibernate.dialect.PostgreSQLDialect
2022-07-26 23:50:36.799  INFO 16972 --- [restartedMain] o.h.e.t.j.p.i.JtaPlatformInitiator       : HHH000490: Using JtaPlatform implementation: [org.hibernate.engine.transaction.jta.platform.internal.NoJtaPlatform]
2022-07-26 23:50:36.811  INFO 16972 --- [restartedMain] j.LocalContainerEntityManagerFactoryBean : Initialized JPA EntityManagerFactory for persistence unit 'default'
2022-07-26 23:50:38.171  WARN 16972 --- [restartedMain] JpaBaseConfiguration$JpaWebConfiguration : spring.jpa.open-in-view is enabled by default. Therefore, database queries may be performed during view rendering. Explicitly configure spring.jpa.open-in-view to disable this warning
2022-07-26 23:50:38.357  WARN 16972 --- [restartedMain] o.s.s.c.a.web.builders.WebSecurity       : You are asking Spring Security to ignore Ant [pattern='/v2/api-docs']. This is not recommended -- please use permitAll via HttpSecurity#authorizeHttpRequests instead.
2022-07-26 23:50:38.359  INFO 16972 --- [restartedMain] o.s.s.web.DefaultSecurityFilterChain     : Will not secure Ant [pattern='/v2/api-docs']
2022-07-26 23:50:38.360  WARN 16972 --- [restartedMain] o.s.s.c.a.web.builders.WebSecurity       : You are asking Spring Security to ignore Ant [pattern='/configuration/ui']. This is not recommended -- please use permitAll via HttpSecurity#authorizeHttpRequests instead.
2022-07-26 23:50:38.361  INFO 16972 --- [restartedMain] o.s.s.web.DefaultSecurityFilterChain     : Will not secure Ant [pattern='/configuration/ui']
2022-07-26 23:50:38.361  WARN 16972 --- [restartedMain] o.s.s.c.a.web.builders.WebSecurity       : You are asking Spring Security to ignore Ant [pattern='/swagger-resources/**']. This is not recommended -- please use permitAll via HttpSecurity#authorizeHttpRequests instead.
2022-07-26 23:50:38.361  INFO 16972 --- [restartedMain] o.s.s.web.DefaultSecurityFilterChain     : Will not secure Ant [pattern='/swagger-resources/**']
2022-07-26 23:50:38.361  WARN 16972 --- [restartedMain] o.s.s.c.a.web.builders.WebSecurity       : You are asking Spring Security to ignore Ant [pattern='/configuration/security']. This is not recommended -- please use permitAll via HttpSecurity#authorizeHttpRequests instead.
2022-07-26 23:50:38.362  INFO 16972 --- [restartedMain] o.s.s.web.DefaultSecurityFilterChain     : Will not secure Ant [pattern='/configuration/security']
2022-07-26 23:50:38.362  WARN 16972 --- [restartedMain] o.s.s.c.a.web.builders.WebSecurity       : You are asking Spring Security to ignore Ant [pattern='/swagger-ui.html']. This is not recommended -- please use permitAll via HttpSecurity#authorizeHttpRequests instead.
2022-07-26 23:50:38.363  INFO 16972 --- [restartedMain] o.s.s.web.DefaultSecurityFilterChain     : Will not secure Ant [pattern='/swagger-ui.html']
2022-07-26 23:50:38.363  WARN 16972 --- [restartedMain] o.s.s.c.a.web.builders.WebSecurity       : You are asking Spring Security to ignore Ant [pattern='/webjars/**']. This is not recommended -- please use permitAll via HttpSecurity#authorizeHttpRequests instead.
2022-07-26 23:50:38.363  INFO 16972 --- [restartedMain] o.s.s.web.DefaultSecurityFilterChain     : Will not secure Ant [pattern='/webjars/**']
2022-07-26 23:50:38.473  INFO 16972 --- [restartedMain] o.s.s.web.DefaultSecurityFilterChain     : Will secure any request with [org.springframework.security.web.session.DisableEncodeUrlFilter@7af06d0f, org.springframework.security.web.context.request.async.WebAsyncManagerIntegrationFilter@5dfd7849, org.springframework.security.web.context.SecurityContextPersistenceFilter@626a5f46, org.springframework.security.web.header.HeaderWriterFilter@41e1f42e, org.springframework.security.web.authentication.logout.LogoutFilter@30ee5592, com.TeamC.Chapter6.Model.Filter.CustomAuthorizationFilter@5315dd94, com.TeamC.Chapter6.Model.Filter.CustomAuthenticationFilter@186e6c0d, org.springframework.security.web.savedrequest.RequestCacheAwareFilter@38445a8c, org.springframework.security.web.servletapi.SecurityContextHolderAwareRequestFilter@4a0e7264, org.springframework.security.web.authentication.AnonymousAuthenticationFilter@618fe21a, org.springframework.security.web.session.SessionManagementFilter@d1195e9, org.springframework.security.web.access.ExceptionTranslationFilter@43aef3f0, org.springframework.security.web.access.intercept.FilterSecurityInterceptor@164b91a6]
2022-07-26 23:50:41.312  INFO 16972 --- [restartedMain] o.s.b.d.a.OptionalLiveReloadServer       : LiveReload server is running on port 35729
2022-07-26 23:50:41.418  INFO 16972 --- [restartedMain] o.s.b.w.embedded.tomcat.TomcatWebServer  : Tomcat started on port(s): 8090 (http) with context path ''
2022-07-26 23:50:41.447  INFO 16972 --- [restartedMain] com.TeamC.Chapter6.Chapter6Application   : Started Chapter6Application in 10.083 seconds (JVM running for 10.902)
2022-07-26 23:56:30.862  INFO 14016 --- [main] c.T.Chapter6.Chapter6ApplicationTests    : Starting Chapter6ApplicationTests using Java 17.0.3 on LAPTOP-40MBARLA with PID 14016 (started by ASUS in C:\Users\ASUS\Documents\BootcampJava\Chapter6\coding\Chapter6_Bioskop)
2022-07-26 23:56:30.864  INFO 14016 --- [main] c.T.Chapter6.Chapter6ApplicationTests    : No active profile set, falling back to 1 default profile: "default"
2022-07-26 23:56:32.482  INFO 14016 --- [main] .s.d.r.c.RepositoryConfigurationDelegate : Bootstrapping Spring Data JPA repositories in DEFAULT mode.
2022-07-26 23:56:32.652  INFO 14016 --- [main] .s.d.r.c.RepositoryConfigurationDelegate : Finished Spring Data repository scanning in 152 ms. Found 5 JPA repository interfaces.
2022-07-26 23:56:33.679  INFO 14016 --- [main] o.hibernate.jpa.internal.util.LogHelper  : HHH000204: Processing PersistenceUnitInfo [name: default]
2022-07-26 23:56:33.809  INFO 14016 --- [main] org.hibernate.Version                    : HHH000412: Hibernate ORM core version 5.6.9.Final
2022-07-26 23:56:34.160  INFO 14016 --- [main] o.hibernate.annotations.common.Version   : HCANN000001: Hibernate Commons Annotations {5.1.2.Final}
2022-07-26 23:56:34.526  INFO 14016 --- [main] com.zaxxer.hikari.HikariDataSource       : HikariPool-1 - Starting...
2022-07-26 23:56:34.809  INFO 14016 --- [main] com.zaxxer.hikari.HikariDataSource       : HikariPool-1 - Start completed.
2022-07-26 23:56:34.839  INFO 14016 --- [main] org.hibernate.dialect.Dialect            : HHH000400: Using dialect: org.hibernate.dialect.PostgreSQLDialect
2022-07-26 23:56:36.373  INFO 14016 --- [main] o.h.e.t.j.p.i.JtaPlatformInitiator       : HHH000490: Using JtaPlatform implementation: [org.hibernate.engine.transaction.jta.platform.internal.NoJtaPlatform]
2022-07-26 23:56:36.399  INFO 14016 --- [main] j.LocalContainerEntityManagerFactoryBean : Initialized JPA EntityManagerFactory for persistence unit 'default'
2022-07-26 23:56:39.053  WARN 14016 --- [main] JpaBaseConfiguration$JpaWebConfiguration : spring.jpa.open-in-view is enabled by default. Therefore, database queries may be performed during view rendering. Explicitly configure spring.jpa.open-in-view to disable this warning
2022-07-26 23:56:39.447  WARN 14016 --- [main] o.s.s.c.a.web.builders.WebSecurity       : You are asking Spring Security to ignore Ant [pattern='/v2/api-docs']. This is not recommended -- please use permitAll via HttpSecurity#authorizeHttpRequests instead.
2022-07-26 23:56:39.449  INFO 14016 --- [main] o.s.s.web.DefaultSecurityFilterChain     : Will not secure Ant [pattern='/v2/api-docs']
2022-07-26 23:56:39.450  WARN 14016 --- [main] o.s.s.c.a.web.builders.WebSecurity       : You are asking Spring Security to ignore Ant [pattern='/configuration/ui']. This is not recommended -- please use permitAll via HttpSecurity#authorizeHttpRequests instead.
2022-07-26 23:56:39.451  INFO 14016 --- [main] o.s.s.web.DefaultSecurityFilterChain     : Will not secure Ant [pattern='/configuration/ui']
2022-07-26 23:56:39.452  WARN 14016 --- [main] o.s.s.c.a.web.builders.WebSecurity       : You are asking Spring Security to ignore Ant [pattern='/swagger-resources/**']. This is not recommended -- please use permitAll via HttpSecurity#authorizeHttpRequests instead.
2022-07-26 23:56:39.452  INFO 14016 --- [main] o.s.s.web.DefaultSecurityFilterChain     : Will not secure Ant [pattern='/swagger-resources/**']
2022-07-26 23:56:39.452  WARN 14016 --- [main] o.s.s.c.a.web.builders.WebSecurity       : You are asking Spring Security to ignore Ant [pattern='/configuration/security']. This is not recommended -- please use permitAll via HttpSecurity#authorizeHttpRequests instead.
2022-07-26 23:56:39.452  INFO 14016 --- [main] o.s.s.web.DefaultSecurityFilterChain     : Will not secure Ant [pattern='/configuration/security']
2022-07-26 23:56:39.452  WARN 14016 --- [main] o.s.s.c.a.web.builders.WebSecurity       : You are asking Spring Security to ignore Ant [pattern='/swagger-ui.html']. This is not recommended -- please use permitAll via HttpSecurity#authorizeHttpRequests instead.
2022-07-26 23:56:39.452  INFO 14016 --- [main] o.s.s.web.DefaultSecurityFilterChain     : Will not secure Ant [pattern='/swagger-ui.html']
2022-07-26 23:56:39.452  WARN 14016 --- [main] o.s.s.c.a.web.builders.WebSecurity       : You are asking Spring Security to ignore Ant [pattern='/webjars/**']. This is not recommended -- please use permitAll via HttpSecurity#authorizeHttpRequests instead.
2022-07-26 23:56:39.453  INFO 14016 --- [main] o.s.s.web.DefaultSecurityFilterChain     : Will not secure Ant [pattern='/webjars/**']
2022-07-26 23:56:39.612  INFO 14016 --- [main] o.s.s.web.DefaultSecurityFilterChain     : Will secure any request with [org.springframework.security.web.session.DisableEncodeUrlFilter@4d9bccfe, org.springframework.security.web.context.request.async.WebAsyncManagerIntegrationFilter@412440c1, org.springframework.security.web.context.SecurityContextPersistenceFilter@8b1bfdf, org.springframework.security.web.header.HeaderWriterFilter@2352c21f, org.springframework.security.web.authentication.logout.LogoutFilter@7d4b32d1, com.TeamC.Chapter6.Model.Filter.CustomAuthorizationFilter@36c45149, com.TeamC.Chapter6.Model.Filter.CustomAuthenticationFilter@33f4844b, org.springframework.security.web.savedrequest.RequestCacheAwareFilter@47fc9ce, org.springframework.security.web.servletapi.SecurityContextHolderAwareRequestFilter@2cd2c764, org.springframework.security.web.authentication.AnonymousAuthenticationFilter@201b52f7, org.springframework.security.web.session.SessionManagementFilter@7efba9b9, org.springframework.security.web.access.ExceptionTranslationFilter@42fd8f2f, org.springframework.security.web.access.intercept.FilterSecurityInterceptor@acea29e]
2022-07-26 23:56:42.053  INFO 14016 --- [main] c.T.Chapter6.Chapter6ApplicationTests    : Started Chapter6ApplicationTests in 11.649 seconds (JVM running for 13.379)
2022-07-26 23:56:42.509  INFO 14016 --- [SpringApplicationShutdownHook] j.LocalContainerEntityManagerFactoryBean : Closing JPA EntityManagerFactory for persistence unit 'default'
2022-07-26 23:56:42.513  INFO 14016 --- [SpringApplicationShutdownHook] com.zaxxer.hikari.HikariDataSource       : HikariPool-1 - Shutdown initiated...
2022-07-26 23:56:42.519  INFO 14016 --- [SpringApplicationShutdownHook] com.zaxxer.hikari.HikariDataSource       : HikariPool-1 - Shutdown completed.
2022-07-26 23:56:59.411  INFO 1072 --- [restartedMain] com.TeamC.Chapter6.Chapter6Application   : Starting Chapter6Application using Java 17.0.3 on LAPTOP-40MBARLA with PID 1072 (C:\Users\ASUS\Documents\BootcampJava\Chapter6\coding\Chapter6_Bioskop\target\classes started by ASUS in C:\Users\ASUS\Documents\BootcampJava\Chapter6\coding\Chapter6_Bioskop)
2022-07-26 23:56:59.413  INFO 1072 --- [restartedMain] com.TeamC.Chapter6.Chapter6Application   : No active profile set, falling back to 1 default profile: "default"
2022-07-26 23:56:59.493  INFO 1072 --- [restartedMain] .e.DevToolsPropertyDefaultsPostProcessor : Devtools property defaults active! Set 'spring.devtools.add-properties' to 'false' to disable
2022-07-26 23:56:59.493  INFO 1072 --- [restartedMain] .e.DevToolsPropertyDefaultsPostProcessor : For additional web related logging consider setting the 'logging.level.web' property to 'DEBUG'
2022-07-26 23:57:01.079  INFO 1072 --- [restartedMain] .s.d.r.c.RepositoryConfigurationDelegate : Bootstrapping Spring Data JPA repositories in DEFAULT mode.
2022-07-26 23:57:01.211  INFO 1072 --- [restartedMain] .s.d.r.c.RepositoryConfigurationDelegate : Finished Spring Data repository scanning in 112 ms. Found 5 JPA repository interfaces.
2022-07-26 23:57:02.675  INFO 1072 --- [restartedMain] o.s.b.w.embedded.tomcat.TomcatWebServer  : Tomcat initialized with port(s): 8090 (http)
2022-07-26 23:57:02.693  INFO 1072 --- [restartedMain] o.apache.catalina.core.StandardService   : Starting service [Tomcat]
2022-07-26 23:57:02.694  INFO 1072 --- [restartedMain] org.apache.catalina.core.StandardEngine  : Starting Servlet engine: [Apache Tomcat/9.0.64]
2022-07-26 23:57:02.900  INFO 1072 --- [restartedMain] o.a.c.c.C.[Tomcat].[localhost].[/]       : Initializing Spring embedded WebApplicationContext
2022-07-26 23:57:02.901  INFO 1072 --- [restartedMain] w.s.c.ServletWebServerApplicationContext : Root WebApplicationContext: initialization completed in 3407 ms
2022-07-26 23:57:03.376  INFO 1072 --- [restartedMain] o.hibernate.jpa.internal.util.LogHelper  : HHH000204: Processing PersistenceUnitInfo [name: default]
2022-07-26 23:57:03.486  INFO 1072 --- [restartedMain] org.hibernate.Version                    : HHH000412: Hibernate ORM core version 5.6.9.Final
2022-07-26 23:57:03.782  INFO 1072 --- [restartedMain] o.hibernate.annotations.common.Version   : HCANN000001: Hibernate Commons Annotations {5.1.2.Final}
2022-07-26 23:57:03.973  INFO 1072 --- [restartedMain] com.zaxxer.hikari.HikariDataSource       : HikariPool-1 - Starting...
2022-07-26 23:57:04.134  INFO 1072 --- [restartedMain] com.zaxxer.hikari.HikariDataSource       : HikariPool-1 - Start completed.
2022-07-26 23:57:04.166  INFO 1072 --- [restartedMain] org.hibernate.dialect.Dialect            : HHH000400: Using dialect: org.hibernate.dialect.PostgreSQLDialect
2022-07-26 23:57:05.113  INFO 1072 --- [restartedMain] o.h.e.t.j.p.i.JtaPlatformInitiator       : HHH000490: Using JtaPlatform implementation: [org.hibernate.engine.transaction.jta.platform.internal.NoJtaPlatform]
2022-07-26 23:57:05.122  INFO 1072 --- [restartedMain] j.LocalContainerEntityManagerFactoryBean : Initialized JPA EntityManagerFactory for persistence unit 'default'
2022-07-26 23:57:06.382  WARN 1072 --- [restartedMain] JpaBaseConfiguration$JpaWebConfiguration : spring.jpa.open-in-view is enabled by default. Therefore, database queries may be performed during view rendering. Explicitly configure spring.jpa.open-in-view to disable this warning
2022-07-26 23:57:06.557  WARN 1072 --- [restartedMain] o.s.s.c.a.web.builders.WebSecurity       : You are asking Spring Security to ignore Ant [pattern='/v2/api-docs']. This is not recommended -- please use permitAll via HttpSecurity#authorizeHttpRequests instead.
2022-07-26 23:57:06.559  INFO 1072 --- [restartedMain] o.s.s.web.DefaultSecurityFilterChain     : Will not secure Ant [pattern='/v2/api-docs']
2022-07-26 23:57:06.560  WARN 1072 --- [restartedMain] o.s.s.c.a.web.builders.WebSecurity       : You are asking Spring Security to ignore Ant [pattern='/configuration/ui']. This is not recommended -- please use permitAll via HttpSecurity#authorizeHttpRequests instead.
2022-07-26 23:57:06.560  INFO 1072 --- [restartedMain] o.s.s.web.DefaultSecurityFilterChain     : Will not secure Ant [pattern='/configuration/ui']
2022-07-26 23:57:06.561  WARN 1072 --- [restartedMain] o.s.s.c.a.web.builders.WebSecurity       : You are asking Spring Security to ignore Ant [pattern='/swagger-resources/**']. This is not recommended -- please use permitAll via HttpSecurity#authorizeHttpRequests instead.
2022-07-26 23:57:06.561  INFO 1072 --- [restartedMain] o.s.s.web.DefaultSecurityFilterChain     : Will not secure Ant [pattern='/swagger-resources/**']
2022-07-26 23:57:06.561  WARN 1072 --- [restartedMain] o.s.s.c.a.web.builders.WebSecurity       : You are asking Spring Security to ignore Ant [pattern='/configuration/security']. This is not recommended -- please use permitAll via HttpSecurity#authorizeHttpRequests instead.
2022-07-26 23:57:06.561  INFO 1072 --- [restartedMain] o.s.s.web.DefaultSecurityFilterChain     : Will not secure Ant [pattern='/configuration/security']
2022-07-26 23:57:06.561  WARN 1072 --- [restartedMain] o.s.s.c.a.web.builders.WebSecurity       : You are asking Spring Security to ignore Ant [pattern='/swagger-ui.html']. This is not recommended -- please use permitAll via HttpSecurity#authorizeHttpRequests instead.
2022-07-26 23:57:06.561  INFO 1072 --- [restartedMain] o.s.s.web.DefaultSecurityFilterChain     : Will not secure Ant [pattern='/swagger-ui.html']
2022-07-26 23:57:06.562  WARN 1072 --- [restartedMain] o.s.s.c.a.web.builders.WebSecurity       : You are asking Spring Security to ignore Ant [pattern='/webjars/**']. This is not recommended -- please use permitAll via HttpSecurity#authorizeHttpRequests instead.
2022-07-26 23:57:06.562  INFO 1072 --- [restartedMain] o.s.s.web.DefaultSecurityFilterChain     : Will not secure Ant [pattern='/webjars/**']
2022-07-26 23:57:06.648  INFO 1072 --- [restartedMain] o.s.s.web.DefaultSecurityFilterChain     : Will secure any request with [org.springframework.security.web.session.DisableEncodeUrlFilter@1c0ebec0, org.springframework.security.web.context.request.async.WebAsyncManagerIntegrationFilter@2a1295cb, org.springframework.security.web.context.SecurityContextPersistenceFilter@5376a357, org.springframework.security.web.header.HeaderWriterFilter@10b14911, org.springframework.security.web.authentication.logout.LogoutFilter@6c562cfc, com.TeamC.Chapter6.Model.Filter.CustomAuthorizationFilter@e28712e, com.TeamC.Chapter6.Model.Filter.CustomAuthenticationFilter@2f6d9d2c, org.springframework.security.web.savedrequest.RequestCacheAwareFilter@e67199d, org.springframework.security.web.servletapi.SecurityContextHolderAwareRequestFilter@977114f, org.springframework.security.web.authentication.AnonymousAuthenticationFilter@46fccebf, org.springframework.security.web.session.SessionManagementFilter@60d63bcd, org.springframework.security.web.access.ExceptionTranslationFilter@8342a1b, org.springframework.security.web.access.intercept.FilterSecurityInterceptor@398b9609]
2022-07-26 23:57:08.236  INFO 1072 --- [restartedMain] o.s.b.d.a.OptionalLiveReloadServer       : LiveReload server is running on port 35729
2022-07-26 23:57:08.294  INFO 1072 --- [restartedMain] o.s.b.w.embedded.tomcat.TomcatWebServer  : Tomcat started on port(s): 8090 (http) with context path ''
2022-07-26 23:57:08.311  INFO 1072 --- [restartedMain] com.TeamC.Chapter6.Chapter6Application   : Started Chapter6Application in 9.527 seconds (JVM running for 10.385)
2022-07-26 23:57:13.203  INFO 1072 --- [http-nio-8090-exec-2] o.a.c.c.C.[Tomcat].[localhost].[/]       : Initializing Spring DispatcherServlet 'dispatcherServlet'
2022-07-26 23:57:13.205  INFO 1072 --- [http-nio-8090-exec-2] o.s.web.servlet.DispatcherServlet        : Initializing Servlet 'dispatcherServlet'
2022-07-26 23:57:13.210  INFO 1072 --- [http-nio-8090-exec-2] o.s.web.servlet.DispatcherServlet        : Completed initialization in 4 ms
2022-07-26 23:57:37.626  WARN 1072 --- [http-nio-8090-exec-3] c.T.C.RestController.SeatsController     : SeatsResponseDTO{seat_id=5, number_seat=5, name_studio='A', available=true}
2022-07-26 23:57:37.627  INFO 1072 --- [http-nio-8090-exec-3] c.T.C.RestController.SeatsController     : ====================Logger End Get By Id ====================
