2022-07-27 11:51:19,849 INFO org.springframework.boot.StartupInfoLogger [main] Starting Chapter6ApplicationTests using Java 17.0.3 on LAPTOP-40MBARLA with PID 5468 (started by ASUS in C:\Users\ASUS\Documents\BootcampJava\Chapter6\coding\Chapter6_Bioskop)
2022-07-27 11:51:19,852 INFO org.springframework.boot.SpringApplication [main] No active profile set, falling back to 1 default profile: "default"
2022-07-27 11:51:21,416 INFO org.springframework.data.repository.config.RepositoryConfigurationDelegate [main] Bootstrapping Spring Data JPA repositories in DEFAULT mode.
2022-07-27 11:51:21,571 INFO org.springframework.data.repository.config.RepositoryConfigurationDelegate [main] Finished Spring Data repository scanning in 140 ms. Found 5 JPA repository interfaces.
2022-07-27 11:51:22,817 INFO org.hibernate.jpa.internal.util.LogHelper [main] HHH000204: Processing PersistenceUnitInfo [name: default]
2022-07-27 11:51:22,955 INFO org.hibernate.Version [main] HHH000412: Hibernate ORM core version 5.6.9.Final
2022-07-27 11:51:23,444 INFO org.hibernate.annotations.common.reflection.java.JavaReflectionManager [main] HCANN000001: Hibernate Commons Annotations {5.1.2.Final}
2022-07-27 11:51:23,810 INFO com.zaxxer.hikari.HikariDataSource [main] HikariPool-1 - Starting...
2022-07-27 11:51:24,037 INFO com.zaxxer.hikari.HikariDataSource [main] HikariPool-1 - Start completed.
2022-07-27 11:51:24,068 INFO org.hibernate.dialect.Dialect [main] HHH000400: Using dialect: org.hibernate.dialect.PostgreSQLDialect
2022-07-27 11:51:25,638 INFO org.hibernate.engine.transaction.jta.platform.internal.JtaPlatformInitiator [main] HHH000490: Using JtaPlatform implementation: [org.hibernate.engine.transaction.jta.platform.internal.NoJtaPlatform]
2022-07-27 11:51:25,652 INFO org.springframework.orm.jpa.AbstractEntityManagerFactoryBean [main] Initialized JPA EntityManagerFactory for persistence unit 'default'
2022-07-27 11:51:27,942 WARN org.springframework.boot.autoconfigure.orm.jpa.JpaBaseConfiguration$JpaWebConfiguration [main] spring.jpa.open-in-view is enabled by default. Therefore, database queries may be performed during view rendering. Explicitly configure spring.jpa.open-in-view to disable this warning
2022-07-27 11:51:28,266 WARN org.springframework.security.config.annotation.web.builders.WebSecurity [main] You are asking Spring Security to ignore Ant [pattern='/v2/api-docs']. This is not recommended -- please use permitAll via HttpSecurity#authorizeHttpRequests instead.
2022-07-27 11:51:28,270 INFO org.springframework.security.web.DefaultSecurityFilterChain [main] Will not secure Ant [pattern='/v2/api-docs']
2022-07-27 11:51:28,273 WARN org.springframework.security.config.annotation.web.builders.WebSecurity [main] You are asking Spring Security to ignore Ant [pattern='/configuration/ui']. This is not recommended -- please use permitAll via HttpSecurity#authorizeHttpRequests instead.
2022-07-27 11:51:28,276 INFO org.springframework.security.web.DefaultSecurityFilterChain [main] Will not secure Ant [pattern='/configuration/ui']
2022-07-27 11:51:28,276 WARN org.springframework.security.config.annotation.web.builders.WebSecurity [main] You are asking Spring Security to ignore Ant [pattern='/swagger-resources/**']. This is not recommended -- please use permitAll via HttpSecurity#authorizeHttpRequests instead.
2022-07-27 11:51:28,277 INFO org.springframework.security.web.DefaultSecurityFilterChain [main] Will not secure Ant [pattern='/swagger-resources/**']
2022-07-27 11:51:28,278 WARN org.springframework.security.config.annotation.web.builders.WebSecurity [main] You are asking Spring Security to ignore Ant [pattern='/configuration/security']. This is not recommended -- please use permitAll via HttpSecurity#authorizeHttpRequests instead.
2022-07-27 11:51:28,282 INFO org.springframework.security.web.DefaultSecurityFilterChain [main] Will not secure Ant [pattern='/configuration/security']
2022-07-27 11:51:28,283 WARN org.springframework.security.config.annotation.web.builders.WebSecurity [main] You are asking Spring Security to ignore Ant [pattern='/swagger-ui.html']. This is not recommended -- please use permitAll via HttpSecurity#authorizeHttpRequests instead.
2022-07-27 11:51:28,287 INFO org.springframework.security.web.DefaultSecurityFilterChain [main] Will not secure Ant [pattern='/swagger-ui.html']
2022-07-27 11:51:28,290 WARN org.springframework.security.config.annotation.web.builders.WebSecurity [main] You are asking Spring Security to ignore Ant [pattern='/webjars/**']. This is not recommended -- please use permitAll via HttpSecurity#authorizeHttpRequests instead.
2022-07-27 11:51:28,291 INFO org.springframework.security.web.DefaultSecurityFilterChain [main] Will not secure Ant [pattern='/webjars/**']
2022-07-27 11:51:28,507 INFO org.springframework.security.web.DefaultSecurityFilterChain [main] Will secure any request with [org.springframework.security.web.session.DisableEncodeUrlFilter@76980c75, org.springframework.security.web.context.request.async.WebAsyncManagerIntegrationFilter@3696d12d, org.springframework.security.web.context.SecurityContextPersistenceFilter@4e1104f4, org.springframework.security.web.header.HeaderWriterFilter@7fa8fff, org.springframework.security.web.authentication.logout.LogoutFilter@630e5010, com.TeamC.Chapter6.Model.Filter.CustomAuthorizationFilter@656672fb, com.TeamC.Chapter6.Model.Filter.CustomAuthenticationFilter@75df4b1d, org.springframework.security.web.savedrequest.RequestCacheAwareFilter@2fe2fcc2, org.springframework.security.web.servletapi.SecurityContextHolderAwareRequestFilter@180e33b0, org.springframework.security.web.authentication.AnonymousAuthenticationFilter@43120a77, org.springframework.security.web.session.SessionManagementFilter@29ae2517, org.springframework.security.web.access.ExceptionTranslationFilter@24a807a9, org.springframework.security.web.access.intercept.FilterSecurityInterceptor@87f1201]
2022-07-27 11:51:31,895 INFO org.springframework.boot.StartupInfoLogger [main] Started Chapter6ApplicationTests in 12.702 seconds (JVM running for 14.398)
2022-07-27 11:51:32,417 INFO org.springframework.orm.jpa.AbstractEntityManagerFactoryBean [SpringApplicationShutdownHook] Closing JPA EntityManagerFactory for persistence unit 'default'
2022-07-27 11:51:32,427 INFO com.zaxxer.hikari.HikariDataSource [SpringApplicationShutdownHook] HikariPool-1 - Shutdown initiated...
2022-07-27 11:51:32,440 INFO com.zaxxer.hikari.HikariDataSource [SpringApplicationShutdownHook] HikariPool-1 - Shutdown completed.
2022-07-27 11:53:04,159 INFO org.springframework.boot.StartupInfoLogger [restartedMain] Starting Chapter6Application using Java 17.0.3 on LAPTOP-40MBARLA with PID 21680 (C:\Users\ASUS\Documents\BootcampJava\Chapter6\coding\Chapter6_Bioskop\target\classes started by ASUS in C:\Users\ASUS\Documents\BootcampJava\Chapter6\coding\Chapter6_Bioskop)
2022-07-27 11:53:04,162 DEBUG org.springframework.boot.StartupInfoLogger [restartedMain] Running with Spring Boot v2.7.1, Spring v5.3.21
2022-07-27 11:53:04,165 INFO org.springframework.boot.SpringApplication [restartedMain] No active profile set, falling back to 1 default profile: "default"
2022-07-27 11:53:11,866 WARN org.springframework.boot.autoconfigure.orm.jpa.JpaBaseConfiguration$JpaWebConfiguration [restartedMain] spring.jpa.open-in-view is enabled by default. Therefore, database queries may be performed during view rendering. Explicitly configure spring.jpa.open-in-view to disable this warning
2022-07-27 11:53:12,132 WARN org.springframework.security.config.annotation.web.builders.WebSecurity [restartedMain] You are asking Spring Security to ignore Ant [pattern='/v2/api-docs']. This is not recommended -- please use permitAll via HttpSecurity#authorizeHttpRequests instead.
2022-07-27 11:53:12,134 WARN org.springframework.security.config.annotation.web.builders.WebSecurity [restartedMain] You are asking Spring Security to ignore Ant [pattern='/configuration/ui']. This is not recommended -- please use permitAll via HttpSecurity#authorizeHttpRequests instead.
2022-07-27 11:53:12,134 WARN org.springframework.security.config.annotation.web.builders.WebSecurity [restartedMain] You are asking Spring Security to ignore Ant [pattern='/swagger-resources/**']. This is not recommended -- please use permitAll via HttpSecurity#authorizeHttpRequests instead.
2022-07-27 11:53:12,135 WARN org.springframework.security.config.annotation.web.builders.WebSecurity [restartedMain] You are asking Spring Security to ignore Ant [pattern='/configuration/security']. This is not recommended -- please use permitAll via HttpSecurity#authorizeHttpRequests instead.
2022-07-27 11:53:12,136 WARN org.springframework.security.config.annotation.web.builders.WebSecurity [restartedMain] You are asking Spring Security to ignore Ant [pattern='/swagger-ui.html']. This is not recommended -- please use permitAll via HttpSecurity#authorizeHttpRequests instead.
2022-07-27 11:53:12,137 WARN org.springframework.security.config.annotation.web.builders.WebSecurity [restartedMain] You are asking Spring Security to ignore Ant [pattern='/webjars/**']. This is not recommended -- please use permitAll via HttpSecurity#authorizeHttpRequests instead.
2022-07-27 11:53:14,143 INFO org.springframework.boot.StartupInfoLogger [restartedMain] Started Chapter6Application in 10.887 seconds (JVM running for 12.098)
2022-07-27 11:53:37,292 TRACE org.springframework.security.web.authentication.AbstractAuthenticationProcessingFilter [http-nio-8090-exec-1] Did not match request to Ant [pattern='/login']
2022-07-27 11:53:37,423 TRACE org.springframework.security.web.authentication.AbstractAuthenticationProcessingFilter [http-nio-8090-exec-2] Did not match request to Ant [pattern='/login']
2022-07-27 11:53:37,434 TRACE org.springframework.security.web.authentication.AbstractAuthenticationProcessingFilter [http-nio-8090-exec-3] Did not match request to Ant [pattern='/login']
2022-07-27 11:53:37,442 TRACE org.springframework.security.web.authentication.AbstractAuthenticationProcessingFilter [http-nio-8090-exec-4] Did not match request to Ant [pattern='/login']
2022-07-27 11:53:37,659 TRACE org.springframework.security.web.authentication.AbstractAuthenticationProcessingFilter [http-nio-8090-exec-5] Did not match request to Ant [pattern='/login']
2022-07-27 11:53:37,662 TRACE org.springframework.security.web.authentication.AbstractAuthenticationProcessingFilter [http-nio-8090-exec-6] Did not match request to Ant [pattern='/login']
2022-07-27 11:53:37,740 TRACE org.springframework.security.web.authentication.AbstractAuthenticationProcessingFilter [http-nio-8090-exec-7] Did not match request to Ant [pattern='/login']
2022-07-27 11:54:22,633 TRACE org.springframework.security.web.authentication.AbstractAuthenticationProcessingFilter [http-nio-8090-exec-4] Did not match request to Ant [pattern='/login']
2022-07-27 11:54:22,821 INFO com.TeamC.Chapter6.RestController.SeatsController [http-nio-8090-exec-4] ====================Logger Start Get By Id ====================
2022-07-27 11:54:22,838 INFO com.TeamC.Chapter6.RestController.SeatsController [http-nio-8090-exec-4] SeatsResponseDTO{seat_id=3, number_seat=3, name_studio='A', available=true}
2022-07-27 11:54:22,840 INFO com.TeamC.Chapter6.RestController.SeatsController [http-nio-8090-exec-4] ====================Logger End Get By Id ====================
2022-07-27 11:58:42,062 INFO org.springframework.boot.StartupInfoLogger [restartedMain] Starting Chapter6Application using Java 17.0.3 on LAPTOP-40MBARLA with PID 18568 (C:\Users\ASUS\Documents\BootcampJava\Chapter6\coding\Chapter6_Bioskop\target\classes started by ASUS in C:\Users\ASUS\Documents\BootcampJava\Chapter6\coding\Chapter6_Bioskop)
2022-07-27 11:58:42,065 DEBUG org.springframework.boot.StartupInfoLogger [restartedMain] Running with Spring Boot v2.7.1, Spring v5.3.21
2022-07-27 11:58:42,067 INFO org.springframework.boot.SpringApplication [restartedMain] No active profile set, falling back to 1 default profile: "default"
2022-07-27 11:58:50,432 WARN org.springframework.boot.autoconfigure.orm.jpa.JpaBaseConfiguration$JpaWebConfiguration [restartedMain] spring.jpa.open-in-view is enabled by default. Therefore, database queries may be performed during view rendering. Explicitly configure spring.jpa.open-in-view to disable this warning
2022-07-27 11:58:50,659 WARN org.springframework.security.config.annotation.web.builders.WebSecurity [restartedMain] You are asking Spring Security to ignore Ant [pattern='/v2/api-docs']. This is not recommended -- please use permitAll via HttpSecurity#authorizeHttpRequests instead.
2022-07-27 11:58:50,663 WARN org.springframework.security.config.annotation.web.builders.WebSecurity [restartedMain] You are asking Spring Security to ignore Ant [pattern='/configuration/ui']. This is not recommended -- please use permitAll via HttpSecurity#authorizeHttpRequests instead.
2022-07-27 11:58:50,663 WARN org.springframework.security.config.annotation.web.builders.WebSecurity [restartedMain] You are asking Spring Security to ignore Ant [pattern='/swagger-resources/**']. This is not recommended -- please use permitAll via HttpSecurity#authorizeHttpRequests instead.
2022-07-27 11:58:50,663 WARN org.springframework.security.config.annotation.web.builders.WebSecurity [restartedMain] You are asking Spring Security to ignore Ant [pattern='/configuration/security']. This is not recommended -- please use permitAll via HttpSecurity#authorizeHttpRequests instead.
2022-07-27 11:58:50,665 WARN org.springframework.security.config.annotation.web.builders.WebSecurity [restartedMain] You are asking Spring Security to ignore Ant [pattern='/swagger-ui.html']. This is not recommended -- please use permitAll via HttpSecurity#authorizeHttpRequests instead.
2022-07-27 11:58:50,665 WARN org.springframework.security.config.annotation.web.builders.WebSecurity [restartedMain] You are asking Spring Security to ignore Ant [pattern='/webjars/**']. This is not recommended -- please use permitAll via HttpSecurity#authorizeHttpRequests instead.
2022-07-27 11:58:52,920 INFO org.springframework.boot.StartupInfoLogger [restartedMain] Started Chapter6Application in 11.958 seconds (JVM running for 13.097)
2022-07-27 11:59:44,291 INFO org.springframework.boot.StartupInfoLogger [main] Starting Chapter6ApplicationTests using Java 17.0.3 on LAPTOP-40MBARLA with PID 13796 (started by ASUS in C:\Users\ASUS\Documents\BootcampJava\Chapter6\coding\Chapter6_Bioskop)
2022-07-27 11:59:44,295 DEBUG org.springframework.boot.StartupInfoLogger [main] Running with Spring Boot v2.7.1, Spring v5.3.21
2022-07-27 11:59:44,296 INFO org.springframework.boot.SpringApplication [main] No active profile set, falling back to 1 default profile: "default"
2022-07-27 11:59:50,846 WARN org.springframework.boot.autoconfigure.orm.jpa.JpaBaseConfiguration$JpaWebConfiguration [main] spring.jpa.open-in-view is enabled by default. Therefore, database queries may be performed during view rendering. Explicitly configure spring.jpa.open-in-view to disable this warning
2022-07-27 11:59:51,131 WARN org.springframework.security.config.annotation.web.builders.WebSecurity [main] You are asking Spring Security to ignore Ant [pattern='/v2/api-docs']. This is not recommended -- please use permitAll via HttpSecurity#authorizeHttpRequests instead.
2022-07-27 11:59:51,133 WARN org.springframework.security.config.annotation.web.builders.WebSecurity [main] You are asking Spring Security to ignore Ant [pattern='/configuration/ui']. This is not recommended -- please use permitAll via HttpSecurity#authorizeHttpRequests instead.
2022-07-27 11:59:51,134 WARN org.springframework.security.config.annotation.web.builders.WebSecurity [main] You are asking Spring Security to ignore Ant [pattern='/swagger-resources/**']. This is not recommended -- please use permitAll via HttpSecurity#authorizeHttpRequests instead.
2022-07-27 11:59:51,135 WARN org.springframework.security.config.annotation.web.builders.WebSecurity [main] You are asking Spring Security to ignore Ant [pattern='/configuration/security']. This is not recommended -- please use permitAll via HttpSecurity#authorizeHttpRequests instead.
2022-07-27 11:59:51,136 WARN org.springframework.security.config.annotation.web.builders.WebSecurity [main] You are asking Spring Security to ignore Ant [pattern='/swagger-ui.html']. This is not recommended -- please use permitAll via HttpSecurity#authorizeHttpRequests instead.
2022-07-27 11:59:51,136 WARN org.springframework.security.config.annotation.web.builders.WebSecurity [main] You are asking Spring Security to ignore Ant [pattern='/webjars/**']. This is not recommended -- please use permitAll via HttpSecurity#authorizeHttpRequests instead.
2022-07-27 11:59:54,481 INFO org.springframework.boot.StartupInfoLogger [main] Started Chapter6ApplicationTests in 10.824 seconds (JVM running for 12.562)
